# JRE version: OpenJDK Runtime Environment (8.0_202-b03) (build 1.8.0_202-release-1483-b03)
# Java VM: OpenJDK 64-Bit Server VM (25.202-b03 mixed mode windows-amd64 compressed oops)
Heap:
 PSYoungGen      total 78848K, used 11008K [0x00000000e0000000, 0x00000000e6800000, 0x0000000100000000)
  eden space 62976K, 0% used [0x00000000e0000000,0x00000000e0000000,0x00000000e3d80000)
  from space 15872K, 69% used [0x00000000e3d80000,0x00000000e4840010,0x00000000e4d00000)
  to   space 16384K, 0% used [0x00000000e5800000,0x00000000e5800000,0x00000000e6800000)
 ParOldGen       total 80896K, used 74890K [0x00000000a0000000, 0x00000000a4f00000, 0x00000000e0000000)
  object space 80896K, 92% used [0x00000000a0000000,0x00000000a4922b38,0x00000000a4f00000)
 Metaspace       used 71452K, capacity 74086K, committed 74200K, reserved 1114112K
  class space    used 9366K, capacity 9935K, committed 9984K, reserved 1048576K
GC Heap History (10 events):
Event: 3499.776 GC heap after
Heap after GC invocations=32 (full 3):
 PSYoungGen      total 72192K, used 2548K [0x00000000e0000000, 0x00000000e6300000, 0x0000000100000000)
  eden space 54784K, 0% used [0x00000000e0000000,0x00000000e0000000,0x00000000e3580000)
  from space 17408K, 14% used [0x00000000e3580000,0x00000000e37fd258,0x00000000e4680000)
  to   space 17408K, 0% used [0x00000000e5200000,0x00000000e5200000,0x00000000e6300000)
 ParOldGen       total 80896K, used 60538K [0x00000000a0000000, 0x00000000a4f00000, 0x00000000e0000000)
  object space 80896K, 74% used [0x00000000a0000000,0x00000000a3b1ea18,0x00000000a4f00000)
 Metaspace       used 67492K, capacity 69716K, committed 69976K, reserved 1110016K
  class space    used 8759K, capacity 9242K, committed 9344K, reserved 1048576K
}
Event: 3505.843 GC heap before
{Heap before GC invocations=33 (full 3):
 PSYoungGen      total 72192K, used 57332K [0x00000000e0000000, 0x00000000e6300000, 0x0000000100000000)
  eden space 54784K, 100% used [0x00000000e0000000,0x00000000e3580000,0x00000000e3580000)
  from space 17408K, 14% used [0x00000000e3580000,0x00000000e37fd258,0x00000000e4680000)
  to   space 17408K, 0% used [0x00000000e5200000,0x00000000e5200000,0x00000000e6300000)
 ParOldGen       total 80896K, used 60538K [0x00000000a0000000, 0x00000000a4f00000, 0x00000000e0000000)
  object space 80896K, 74% used [0x00000000a0000000,0x00000000a3b1ea18,0x00000000a4f00000)
 Metaspace       used 67620K, capacity 69816K, committed 69976K, reserved 1110016K
  class space    used 8772K, capacity 9276K, committed 9344K, reserved 1048576K
Event: 3505.866 GC heap after
Heap after GC invocations=33 (full 3):
 PSYoungGen      total 82944K, used 3552K [0x00000000e0000000, 0x00000000e6280000, 0x0000000100000000)
  eden space 66048K, 0% used [0x00000000e0000000,0x00000000e0000000,0x00000000e4080000)
  from space 16896K, 21% used [0x00000000e5200000,0x00000000e5578020,0x00000000e6280000)
  to   space 17408K, 0% used [0x00000000e4080000,0x00000000e4080000,0x00000000e5180000)
 ParOldGen       total 80896K, used 62218K [0x00000000a0000000, 0x00000000a4f00000, 0x00000000e0000000)
  object space 80896K, 76% used [0x00000000a0000000,0x00000000a3cc29a0,0x00000000a4f00000)
 Metaspace       used 67620K, capacity 69816K, committed 69976K, reserved 1110016K
  class space    used 8772K, capacity 9276K, committed 9344K, reserved 1048576K
}
Event: 3511.742 GC heap before
{Heap before GC invocations=34 (full 3):
 PSYoungGen      total 82944K, used 69600K [0x00000000e0000000, 0x00000000e6280000, 0x0000000100000000)
  eden space 66048K, 100% used [0x00000000e0000000,0x00000000e4080000,0x00000000e4080000)
  from space 16896K, 21% used [0x00000000e5200000,0x00000000e5578020,0x00000000e6280000)
  to   space 17408K, 0% used [0x00000000e4080000,0x00000000e4080000,0x00000000e5180000)
 ParOldGen       total 80896K, used 62218K [0x00000000a0000000, 0x00000000a4f00000, 0x00000000e0000000)
  object space 80896K, 76% used [0x00000000a0000000,0x00000000a3cc29a0,0x00000000a4f00000)
 Metaspace       used 70617K, capacity 73096K, committed 73304K, reserved 1112064K
  class space    used 9270K, capacity 9800K, committed 9856K, reserved 1048576K
Event: 3511.755 GC heap after
Heap after GC invocations=34 (full 3):
 PSYoungGen      total 69120K, used 4414K [0x00000000e0000000, 0x00000000e6000000, 0x0000000100000000)
  eden space 64512K, 0% used [0x00000000e0000000,0x00000000e0000000,0x00000000e3f00000)
  from space 4608K, 95% used [0x00000000e4080000,0x00000000e44cf920,0x00000000e4500000)
  to   space 16896K, 0% used [0x00000000e4f80000,0x00000000e4f80000,0x00000000e6000000)
 ParOldGen       total 80896K, used 65554K [0x00000000a0000000, 0x00000000a4f00000, 0x00000000e0000000)
  object space 80896K, 81% used [0x00000000a0000000,0x00000000a4004a00,0x00000000a4f00000)
 Metaspace       used 70617K, capacity 73096K, committed 73304K, reserved 1112064K
  class space    used 9270K, capacity 9800K, committed 9856K, reserved 1048576K
}
Event: 4124.212 GC heap before
{Heap before GC invocations=35 (full 3):
 PSYoungGen      total 69120K, used 68924K [0x00000000e0000000, 0x00000000e6000000, 0x0000000100000000)
  eden space 64512K, 99% used [0x00000000e0000000,0x00000000e3effa28,0x00000000e3f00000)
  from space 4608K, 95% used [0x00000000e4080000,0x00000000e44cf920,0x00000000e4500000)
  to   space 16896K, 0% used [0x00000000e4f80000,0x00000000e4f80000,0x00000000e6000000)
 ParOldGen       total 80896K, used 65554K [0x00000000a0000000, 0x00000000a4f00000, 0x00000000e0000000)
  object space 80896K, 81% used [0x00000000a0000000,0x00000000a4004a00,0x00000000a4f00000)
 Metaspace       used 71369K, capacity 74016K, committed 74200K, reserved 1114112K
  class space    used 9365K, capacity 9934K, committed 9984K, reserved 1048576K
Event: 4124.233 GC heap after
Heap after GC invocations=35 (full 3):
 PSYoungGen      total 76288K, used 7424K [0x00000000e0000000, 0x00000000e5c80000, 0x0000000100000000)
  eden space 62976K, 0% used [0x00000000e0000000,0x00000000e0000000,0x00000000e3d80000)
  from space 13312K, 55% used [0x00000000e4f80000,0x00000000e56c0030,0x00000000e5c80000)
  to   space 15872K, 0% used [0x00000000e3d80000,0x00000000e3d80000,0x00000000e4d00000)
 ParOldGen       total 80896K, used 67960K [0x00000000a0000000, 0x00000000a4f00000, 0x00000000e0000000)
  object space 80896K, 84% used [0x00000000a0000000,0x00000000a425e118,0x00000000a4f00000)
 Metaspace       used 71369K, capacity 74016K, committed 74200K, reserved 1114112K
  class space    used 9365K, capacity 9934K, committed 9984K, reserved 1048576K
}
Event: 4126.052 GC heap before
{Heap before GC invocations=36 (full 3):
 PSYoungGen      total 76288K, used 70400K [0x00000000e0000000, 0x00000000e5c80000, 0x0000000100000000)
  eden space 62976K, 100% used [0x00000000e0000000,0x00000000e3d80000,0x00000000e3d80000)
  from space 13312K, 55% used [0x00000000e4f80000,0x00000000e56c0030,0x00000000e5c80000)
  to   space 15872K, 0% used [0x00000000e3d80000,0x00000000e3d80000,0x00000000e4d00000)
 ParOldGen       total 80896K, used 67960K [0x00000000a0000000, 0x00000000a4f00000, 0x00000000e0000000)
  object space 80896K, 84% used [0x00000000a0000000,0x00000000a425e118,0x00000000a4f00000)
 Metaspace       used 71452K, capacity 74086K, committed 74200K, reserved 1114112K
  class space    used 9366K, capacity 9935K, committed 9984K, reserved 1048576K
Event: 4126.094 GC heap after
Heap after GC invocations=36 (full 3):
 PSYoungGen      total 78848K, used 11008K [0x00000000e0000000, 0x00000000e6800000, 0x0000000100000000)
  eden space 62976K, 0% used [0x00000000e0000000,0x00000000e0000000,0x00000000e3d80000)
  from space 15872K, 69% used [0x00000000e3d80000,0x00000000e4840010,0x00000000e4d00000)
  to   space 16384K, 0% used [0x00000000e5800000,0x00000000e5800000,0x00000000e6800000)
 ParOldGen       total 80896K, used 74890K [0x00000000a0000000, 0x00000000a4f00000, 0x00000000e0000000)
  object space 80896K, 92% used [0x00000000a0000000,0x00000000a4922b38,0x00000000a4f00000)
 Metaspace       used 71452K, capacity 74086K, committed 74200K, reserved 1114112K
  class space    used 9366K, capacity 9935K, committed 9984K, reserved 1048576K
}
Event: 4126.094 GC heap before
{Heap before GC invocations=37 (full 4):
 PSYoungGen      total 78848K, used 11008K [0x00000000e0000000, 0x00000000e6800000, 0x0000000100000000)
  eden space 62976K, 0% used [0x00000000e0000000,0x00000000e0000000,0x00000000e3d80000)
  from space 15872K, 69% used [0x00000000e3d80000,0x00000000e4840010,0x00000000e4d00000)
  to   space 16384K, 0% used [0x00000000e5800000,0x00000000e5800000,0x00000000e6800000)
 ParOldGen       total 80896K, used 74890K [0x00000000a0000000, 0x00000000a4f00000, 0x00000000e0000000)
  object space 80896K, 92% used [0x00000000a0000000,0x00000000a4922b38,0x00000000a4f00000)
 Metaspace       used 71452K, capacity 74086K, committed 74200K, reserved 1114112K
  class space    used 9366K, capacity 9935K, committed 9984K, reserved 1048576K

