# JRE version: OpenJDK Runtime Environment (8.0_202-b03) (build 1.8.0_202-release-1483-b03)
# Java VM: OpenJDK 64-Bit Server VM (25.202-b03 mixed mode windows-amd64 compressed oops)
Heap:
 PSYoungGen      total 376320K, used 376293K [0x00000000e0000000, 0x0000000100000000, 0x0000000100000000)
  eden space 317440K, 99% used [0x00000000e0000000,0x00000000f35fa470,0x00000000f3600000)
  from space 58880K, 99% used [0x00000000fc680000,0x00000000fffff240,0x0000000100000000)
  to   space 103424K, 53% used [0x00000000f3600000,0x00000000f6bc74a8,0x00000000f9b00000)
 ParOldGen       total 375296K, used 301093K [0x00000000a0000000, 0x00000000b6e80000, 0x00000000e0000000)
  object space 375296K, 80% used [0x00000000a0000000,0x00000000b2609680,0x00000000b6e80000)
 Metaspace       used 140001K, capacity 148486K, committed 151040K, reserved 1181696K
  class space    used 17149K, capacity 18572K, committed 19200K, reserved 1048576K
GC Heap History (10 events):
Event: 10343.859 GC heap after
Heap after GC invocations=130 (full 11):
 PSYoungGen      total 456192K, used 24514K [0x00000000e0000000, 0x00000000ff900000, 0x0000000100000000)
  eden space 404480K, 0% used [0x00000000e0000000,0x00000000e0000000,0x00000000f8b00000)
  from space 51712K, 47% used [0x00000000fc680000,0x00000000fde70a70,0x00000000ff900000)
  to   space 56320K, 0% used [0x00000000f8b00000,0x00000000f8b00000,0x00000000fc200000)
 ParOldGen       total 375296K, used 184006K [0x00000000a0000000, 0x00000000b6e80000, 0x00000000e0000000)
  object space 375296K, 49% used [0x00000000a0000000,0x00000000ab3b1ab0,0x00000000b6e80000)
 Metaspace       used 138430K, capacity 146268K, committed 151040K, reserved 1181696K
  class space    used 16970K, capacity 18277K, committed 19200K, reserved 1048576K
}
Event: 10528.921 GC heap before
{Heap before GC invocations=131 (full 11):
 PSYoungGen      total 456192K, used 428994K [0x00000000e0000000, 0x00000000ff900000, 0x0000000100000000)
  eden space 404480K, 100% used [0x00000000e0000000,0x00000000f8b00000,0x00000000f8b00000)
  from space 51712K, 47% used [0x00000000fc680000,0x00000000fde70a70,0x00000000ff900000)
  to   space 56320K, 0% used [0x00000000f8b00000,0x00000000f8b00000,0x00000000fc200000)
 ParOldGen       total 375296K, used 184006K [0x00000000a0000000, 0x00000000b6e80000, 0x00000000e0000000)
  object space 375296K, 49% used [0x00000000a0000000,0x00000000ab3b1ab0,0x00000000b6e80000)
 Metaspace       used 139419K, capacity 147846K, committed 151040K, reserved 1181696K
  class space    used 17105K, capacity 18500K, committed 19200K, reserved 1048576K
Event: 10528.949 GC heap after
Heap after GC invocations=131 (full 11):
 PSYoungGen      total 460800K, used 21786K [0x00000000e0000000, 0x00000000ffd80000, 0x0000000100000000)
  eden space 404480K, 0% used [0x00000000e0000000,0x00000000e0000000,0x00000000f8b00000)
  from space 56320K, 38% used [0x00000000f8b00000,0x00000000fa046a08,0x00000000fc200000)
  to   space 52736K, 0% used [0x00000000fca00000,0x00000000fca00000,0x00000000ffd80000)
 ParOldGen       total 375296K, used 184014K [0x00000000a0000000, 0x00000000b6e80000, 0x00000000e0000000)
  object space 375296K, 49% used [0x00000000a0000000,0x00000000ab3b3ab0,0x00000000b6e80000)
 Metaspace       used 139419K, capacity 147846K, committed 151040K, reserved 1181696K
  class space    used 17105K, capacity 18500K, committed 19200K, reserved 1048576K
}
Event: 11010.617 GC heap before
{Heap before GC invocations=132 (full 11):
 PSYoungGen      total 460800K, used 426266K [0x00000000e0000000, 0x00000000ffd80000, 0x0000000100000000)
  eden space 404480K, 100% used [0x00000000e0000000,0x00000000f8b00000,0x00000000f8b00000)
  from space 56320K, 38% used [0x00000000f8b00000,0x00000000fa046a08,0x00000000fc200000)
  to   space 52736K, 0% used [0x00000000fca00000,0x00000000fca00000,0x00000000ffd80000)
 ParOldGen       total 375296K, used 184014K [0x00000000a0000000, 0x00000000b6e80000, 0x00000000e0000000)
  object space 375296K, 49% used [0x00000000a0000000,0x00000000ab3b3ab0,0x00000000b6e80000)
 Metaspace       used 139876K, capacity 148408K, committed 151040K, reserved 1181696K
  class space    used 17146K, capacity 18571K, committed 19200K, reserved 1048576K
Event: 11010.638 GC heap after
Heap after GC invocations=132 (full 11):
 PSYoungGen      total 461824K, used 20994K [0x00000000e0000000, 0x00000000ff780000, 0x0000000100000000)
  eden space 415232K, 0% used [0x00000000e0000000,0x00000000e0000000,0x00000000f9580000)
  from space 46592K, 45% used [0x00000000fca00000,0x00000000fde80ad0,0x00000000ff780000)
  to   space 50176K, 0% used [0x00000000f9580000,0x00000000f9580000,0x00000000fc680000)
 ParOldGen       total 375296K, used 184022K [0x00000000a0000000, 0x00000000b6e80000, 0x00000000e0000000)
  object space 375296K, 49% used [0x00000000a0000000,0x00000000ab3b5ab0,0x00000000b6e80000)
 Metaspace       used 139876K, capacity 148408K, committed 151040K, reserved 1181696K
  class space    used 17146K, capacity 18571K, committed 19200K, reserved 1048576K
}
Event: 11013.001 GC heap before
{Heap before GC invocations=133 (full 11):
 PSYoungGen      total 461824K, used 436226K [0x00000000e0000000, 0x00000000ff780000, 0x0000000100000000)
  eden space 415232K, 100% used [0x00000000e0000000,0x00000000f9580000,0x00000000f9580000)
  from space 46592K, 45% used [0x00000000fca00000,0x00000000fde80ad0,0x00000000ff780000)
  to   space 50176K, 0% used [0x00000000f9580000,0x00000000f9580000,0x00000000fc680000)
 ParOldGen       total 375296K, used 184022K [0x00000000a0000000, 0x00000000b6e80000, 0x00000000e0000000)
  object space 375296K, 49% used [0x00000000a0000000,0x00000000ab3b5ab0,0x00000000b6e80000)
 Metaspace       used 139900K, capacity 148482K, committed 151040K, reserved 1181696K
  class space    used 17146K, capacity 18572K, committed 19200K, reserved 1048576K
Event: 11013.090 GC heap after
Heap after GC invocations=133 (full 11):
 PSYoungGen      total 465408K, used 50148K [0x00000000e0000000, 0x0000000100000000, 0x0000000100000000)
  eden space 415232K, 0% used [0x00000000e0000000,0x00000000e0000000,0x00000000f9580000)
  from space 50176K, 99% used [0x00000000f9580000,0x00000000fc679060,0x00000000fc680000)
  to   space 58880K, 0% used [0x00000000fc680000,0x00000000fc680000,0x0000000100000000)
 ParOldGen       total 375296K, used 233741K [0x00000000a0000000, 0x00000000b6e80000, 0x00000000e0000000)
  object space 375296K, 62% used [0x00000000a0000000,0x00000000ae4434a0,0x00000000b6e80000)
 Metaspace       used 139900K, capacity 148482K, committed 151040K, reserved 1181696K
  class space    used 17146K, capacity 18572K, committed 19200K, reserved 1048576K
}
Event: 11014.662 GC heap before
{Heap before GC invocations=134 (full 11):
 PSYoungGen      total 465408K, used 461269K [0x00000000e0000000, 0x0000000100000000, 0x0000000100000000)
  eden space 415232K, 99% used [0x00000000e0000000,0x00000000f917c668,0x00000000f9580000)
  from space 50176K, 99% used [0x00000000f9580000,0x00000000fc679060,0x00000000fc680000)
  to   space 58880K, 0% used [0x00000000fc680000,0x00000000fc680000,0x0000000100000000)
 ParOldGen       total 375296K, used 233741K [0x00000000a0000000, 0x00000000b6e80000, 0x00000000e0000000)
  object space 375296K, 62% used [0x00000000a0000000,0x00000000ae4434a0,0x00000000b6e80000)
 Metaspace       used 139912K, capacity 148482K, committed 151040K, reserved 1181696K
  class space    used 17146K, capacity 18572K, committed 19200K, reserved 1048576K
Event: 11014.773 GC heap after
Heap after GC invocations=134 (full 11):
 PSYoungGen      total 376320K, used 58876K [0x00000000e0000000, 0x0000000100000000, 0x0000000100000000)
  eden space 317440K, 0% used [0x00000000e0000000,0x00000000e0000000,0x00000000f3600000)
  from space 58880K, 99% used [0x00000000fc680000,0x00000000fffff240,0x0000000100000000)
  to   space 103424K, 0% used [0x00000000f3600000,0x00000000f3600000,0x00000000f9b00000)
 ParOldGen       total 375296K, used 291384K [0x00000000a0000000, 0x00000000b6e80000, 0x00000000e0000000)
  object space 375296K, 77% used [0x00000000a0000000,0x00000000b1c8e230,0x00000000b6e80000)
 Metaspace       used 139912K, capacity 148482K, committed 151040K, reserved 1181696K
  class space    used 17146K, capacity 18572K, committed 19200K, reserved 1048576K
}
Event: 11018.723 GC heap before
{Heap before GC invocations=135 (full 11):
 PSYoungGen      total 376320K, used 376293K [0x00000000e0000000, 0x0000000100000000, 0x0000000100000000)
  eden space 317440K, 99% used [0x00000000e0000000,0x00000000f35fa470,0x00000000f3600000)
  from space 58880K, 99% used [0x00000000fc680000,0x00000000fffff240,0x0000000100000000)
  to   space 103424K, 0% used [0x00000000f3600000,0x00000000f3600000,0x00000000f9b00000)
 ParOldGen       total 375296K, used 291384K [0x00000000a0000000, 0x00000000b6e80000, 0x00000000e0000000)
  object space 375296K, 77% used [0x00000000a0000000,0x00000000b1c8e230,0x00000000b6e80000)
 Metaspace       used 140001K, capacity 148486K, committed 151040K, reserved 1181696K
  class space    used 17149K, capacity 18572K, committed 19200K, reserved 1048576K

